{"/usr/src/app/src/api/config.ts": {"path":"/usr/src/app/src/api/config.ts","statementMap":{"0":{"start":{"line":1,"column":22},"end":{"line":11,"column":null}}},"fnMap":{},"branchMap":{"0":{"loc":{"start":{"line":3,"column":17},"end":{"line":3,"column":null}},"type":"binary-expr","locations":[{"start":{"line":3,"column":17},"end":{"line":3,"column":49}},{"start":{"line":3,"column":49},"end":{"line":3,"column":null}}],"line":3}},"s":{"0":1},"f":{},"b":{"0":[1,1]},"meta":{"lastBranch":1,"lastFunction":0,"lastStatement":1,"seen":{"s:1:22:11:Infinity":0,"b:3:17:3:49:3:49:3:Infinity":0}}}
,"/usr/src/app/src/api/services/TaskApiService.ts": {"path":"/usr/src/app/src/api/services/TaskApiService.ts","statementMap":{"0":{"start":{"line":10,"column":8},"end":{"line":10,"column":null}},"1":{"start":{"line":14,"column":25},"end":{"line":14,"column":null}},"2":{"start":{"line":15,"column":8},"end":{"line":15,"column":null}},"3":{"start":{"line":19,"column":25},"end":{"line":19,"column":null}},"4":{"start":{"line":20,"column":8},"end":{"line":20,"column":null}},"5":{"start":{"line":24,"column":25},"end":{"line":24,"column":null}},"6":{"start":{"line":25,"column":8},"end":{"line":25,"column":null}}},"fnMap":{"0":{"name":"(anonymous_0)","decl":{"start":{"line":9,"column":4},"end":{"line":9,"column":16}},"loc":{"start":{"line":9,"column":34},"end":{"line":11,"column":null}},"line":9},"1":{"name":"(anonymous_1)","decl":{"start":{"line":13,"column":10},"end":{"line":13,"column":38}},"loc":{"start":{"line":13,"column":38},"end":{"line":16,"column":null}},"line":13},"2":{"name":"(anonymous_2)","decl":{"start":{"line":18,"column":10},"end":{"line":18,"column":21}},"loc":{"start":{"line":18,"column":61},"end":{"line":21,"column":null}},"line":18},"3":{"name":"(anonymous_3)","decl":{"start":{"line":23,"column":10},"end":{"line":23,"column":23}},"loc":{"start":{"line":23,"column":49},"end":{"line":26,"column":null}},"line":23}},"branchMap":{"0":{"loc":{"start":{"line":10,"column":23},"end":{"line":10,"column":null}},"type":"binary-expr","locations":[{"start":{"line":10,"column":23},"end":{"line":10,"column":34}},{"start":{"line":10,"column":34},"end":{"line":10,"column":null}}],"line":10}},"s":{"0":4,"1":2,"2":1,"3":1,"4":1,"5":1,"6":1},"f":{"0":4,"1":2,"2":1,"3":1},"b":{"0":[4,0]},"meta":{"lastBranch":1,"lastFunction":4,"lastStatement":7,"seen":{"f:9:4:9:16":0,"s:10:8:10:Infinity":0,"b:10:23:10:34:10:34:10:Infinity":0,"f:13:10:13:38":1,"s:14:25:14:Infinity":1,"s:15:8:15:Infinity":2,"f:18:10:18:21":2,"s:19:25:19:Infinity":3,"s:20:8:20:Infinity":4,"f:23:10:23:23":3,"s:24:25:24:Infinity":5,"s:25:8:25:Infinity":6}}}
,"/usr/src/app/src/components/Task/TaskForm/TaskForm.css": {"path":"/usr/src/app/src/components/Task/TaskForm/TaskForm.css","statementMap":{},"fnMap":{},"branchMap":{},"s":{},"f":{},"b":{},"meta":{"lastBranch":0,"lastFunction":0,"lastStatement":0,"seen":{}}}
,"/usr/src/app/src/components/Task/TaskForm/TaskForm.skeleton.tsx": {"path":"/usr/src/app/src/components/Task/TaskForm/TaskForm.skeleton.tsx","statementMap":{"0":{"start":{"line":4,"column":4},"end":{"line":9,"column":null}}},"fnMap":{"0":{"name":"TaskFormSkeleton","decl":{"start":{"line":3,"column":16},"end":{"line":3,"column":35}},"loc":{"start":{"line":3,"column":35},"end":{"line":11,"column":null}},"line":3}},"branchMap":{},"s":{"0":1},"f":{"0":1},"b":{},"meta":{"lastBranch":0,"lastFunction":1,"lastStatement":1,"seen":{"f:3:16:3:35":0,"s:4:4:9:Infinity":0}}}
,"/usr/src/app/src/components/Task/TaskForm/TaskForm.tsx": {"path":"/usr/src/app/src/components/Task/TaskForm/TaskForm.tsx","statementMap":{"0":{"start":{"line":7,"column":26},"end":{"line":7,"column":null}},"1":{"start":{"line":8,"column":38},"end":{"line":8,"column":null}},"2":{"start":{"line":9,"column":47},"end":{"line":9,"column":null}},"3":{"start":{"line":11,"column":23},"end":{"line":27,"column":null}},"4":{"start":{"line":12,"column":8},"end":{"line":12,"column":null}},"5":{"start":{"line":13,"column":8},"end":{"line":16,"column":null}},"6":{"start":{"line":14,"column":12},"end":{"line":14,"column":null}},"7":{"start":{"line":15,"column":12},"end":{"line":15,"column":null}},"8":{"start":{"line":18,"column":8},"end":{"line":26,"column":null}},"9":{"start":{"line":19,"column":12},"end":{"line":19,"column":null}},"10":{"start":{"line":20,"column":12},"end":{"line":20,"column":null}},"11":{"start":{"line":21,"column":12},"end":{"line":21,"column":null}},"12":{"start":{"line":23,"column":12},"end":{"line":23,"column":null}},"13":{"start":{"line":25,"column":12},"end":{"line":25,"column":null}},"14":{"start":{"line":30,"column":4},"end":{"line":32,"column":null}},"15":{"start":{"line":31,"column":8},"end":{"line":31,"column":null}},"16":{"start":{"line":34,"column":4},"end":{"line":68,"column":null}},"17":{"start":{"line":40,"column":33},"end":{"line":40,"column":null}},"18":{"start":{"line":49,"column":33},"end":{"line":49,"column":null}}},"fnMap":{"0":{"name":"TaskForm","decl":{"start":{"line":6,"column":24},"end":{"line":6,"column":35}},"loc":{"start":{"line":6,"column":35},"end":{"line":70,"column":null}},"line":6},"1":{"name":"(anonymous_1)","decl":{"start":{"line":11,"column":23},"end":{"line":11,"column":30}},"loc":{"start":{"line":11,"column":47},"end":{"line":27,"column":null}},"line":11},"2":{"name":"(anonymous_2)","decl":{"start":{"line":40,"column":26},"end":{"line":40,"column":27}},"loc":{"start":{"line":40,"column":33},"end":{"line":40,"column":null}},"line":40},"3":{"name":"(anonymous_3)","decl":{"start":{"line":49,"column":26},"end":{"line":49,"column":27}},"loc":{"start":{"line":49,"column":33},"end":{"line":49,"column":null}},"line":49}},"branchMap":{"0":{"loc":{"start":{"line":13,"column":8},"end":{"line":16,"column":null}},"type":"if","locations":[{"start":{"line":13,"column":8},"end":{"line":16,"column":null}},{"start":{},"end":{}}],"line":13},"1":{"loc":{"start":{"line":30,"column":4},"end":{"line":32,"column":null}},"type":"if","locations":[{"start":{"line":30,"column":4},"end":{"line":32,"column":null}},{"start":{},"end":{}}],"line":30},"2":{"loc":{"start":{"line":43,"column":27},"end":{"line":43,"column":null}},"type":"cond-expr","locations":[{"start":{"line":43,"column":35},"end":{"line":43,"column":45}},{"start":{"line":43,"column":45},"end":{"line":43,"column":null}}],"line":43},"3":{"loc":{"start":{"line":54,"column":13},"end":{"line":54,"column":null}},"type":"binary-expr","locations":[{"start":{"line":54,"column":13},"end":{"line":54,"column":22}},{"start":{"line":54,"column":22},"end":{"line":54,"column":null}}],"line":54},"4":{"loc":{"start":{"line":58,"column":26},"end":{"line":58,"column":null}},"type":"binary-expr","locations":[{"start":{"line":58,"column":26},"end":{"line":58,"column":44}},{"start":{"line":58,"column":44},"end":{"line":58,"column":null}}],"line":58},"5":{"loc":{"start":{"line":59,"column":27},"end":{"line":59,"column":null}},"type":"cond-expr","locations":[{"start":{"line":59,"column":44},"end":{"line":59,"column":56}},{"start":{"line":59,"column":56},"end":{"line":59,"column":null}}],"line":59},"6":{"loc":{"start":{"line":60,"column":28},"end":{"line":60,"column":null}},"type":"cond-expr","locations":[{"start":{"line":60,"column":45},"end":{"line":60,"column":64}},{"start":{"line":60,"column":64},"end":{"line":60,"column":null}}],"line":60},"7":{"loc":{"start":{"line":62,"column":17},"end":{"line":66,"column":null}},"type":"cond-expr","locations":[{"start":{"line":63,"column":20},"end":{"line":65,"column":null}},{"start":{"line":66,"column":20},"end":{"line":66,"column":null}}],"line":62}},"s":{"0":52,"1":52,"2":52,"3":52,"4":3,"5":3,"6":0,"7":0,"8":3,"9":3,"10":3,"11":3,"12":3,"13":0,"14":52,"15":1,"16":51,"17":27,"18":16},"f":{"0":52,"1":3,"2":27,"3":16},"b":{"0":[0,3],"1":[1,51],"2":[1,50],"3":[52,1],"4":[52,51],"5":[0,51],"6":[0,51],"7":[0,51]},"meta":{"lastBranch":8,"lastFunction":4,"lastStatement":19,"seen":{"f:6:24:6:35":0,"s:7:26:7:Infinity":0,"s:8:38:8:Infinity":1,"s:9:47:9:Infinity":2,"s:11:23:27:Infinity":3,"f:11:23:11:30":1,"s:12:8:12:Infinity":4,"b:13:8:16:Infinity:undefined:undefined:undefined:undefined":0,"s:13:8:16:Infinity":5,"s:14:12:14:Infinity":6,"s:15:12:15:Infinity":7,"s:18:8:26:Infinity":8,"s:19:12:19:Infinity":9,"s:20:12:20:Infinity":10,"s:21:12:21:Infinity":11,"s:23:12:23:Infinity":12,"s:25:12:25:Infinity":13,"b:30:4:32:Infinity:undefined:undefined:undefined:undefined":1,"s:30:4:32:Infinity":14,"s:31:8:31:Infinity":15,"s:34:4:68:Infinity":16,"f:40:26:40:27":2,"s:40:33:40:Infinity":17,"b:43:35:43:45:43:45:43:Infinity":2,"f:49:26:49:27":3,"s:49:33:49:Infinity":18,"b:54:13:54:22:54:22:54:Infinity":3,"b:58:26:58:44:58:44:58:Infinity":4,"b:59:44:59:56:59:56:59:Infinity":5,"b:60:45:60:64:60:64:60:Infinity":6,"b:63:20:65:Infinity:66:20:66:Infinity":7}}}
,"/usr/src/app/src/components/Task/TaskList/TaskList.css": {"path":"/usr/src/app/src/components/Task/TaskList/TaskList.css","statementMap":{},"fnMap":{},"branchMap":{},"s":{},"f":{},"b":{},"meta":{"lastBranch":0,"lastFunction":0,"lastStatement":0,"seen":{}}}
,"/usr/src/app/src/components/Task/TaskList/TaskList.tsx": {"path":"/usr/src/app/src/components/Task/TaskList/TaskList.tsx","statementMap":{"0":{"start":{"line":9,"column":52},"end":{"line":9,"column":null}},"1":{"start":{"line":10,"column":38},"end":{"line":10,"column":null}},"2":{"start":{"line":11,"column":44},"end":{"line":11,"column":null}},"3":{"start":{"line":12,"column":32},"end":{"line":12,"column":null}},"4":{"start":{"line":13,"column":32},"end":{"line":13,"column":null}},"5":{"start":{"line":14,"column":38},"end":{"line":14,"column":null}},"6":{"start":{"line":16,"column":4},"end":{"line":18,"column":null}},"7":{"start":{"line":17,"column":8},"end":{"line":17,"column":null}},"8":{"start":{"line":20,"column":4},"end":{"line":30,"column":null}},"9":{"start":{"line":21,"column":30},"end":{"line":21,"column":null}},"10":{"start":{"line":21,"column":36},"end":{"line":21,"column":null}},"11":{"start":{"line":23,"column":8},"end":{"line":23,"column":null}},"12":{"start":{"line":24,"column":8},"end":{"line":24,"column":null}},"13":{"start":{"line":26,"column":8},"end":{"line":29,"column":null}},"14":{"start":{"line":27,"column":12},"end":{"line":27,"column":null}},"15":{"start":{"line":28,"column":12},"end":{"line":28,"column":null}},"16":{"start":{"line":32,"column":24},"end":{"line":35,"column":null}},"17":{"start":{"line":33,"column":8},"end":{"line":33,"column":null}},"18":{"start":{"line":34,"column":8},"end":{"line":34,"column":null}},"19":{"start":{"line":37,"column":24},"end":{"line":54,"column":null}},"20":{"start":{"line":38,"column":8},"end":{"line":38,"column":null}},"21":{"start":{"line":38,"column":36},"end":{"line":38,"column":null}},"22":{"start":{"line":40,"column":8},"end":{"line":50,"column":null}},"23":{"start":{"line":41,"column":24},"end":{"line":41,"column":null}},"24":{"start":{"line":43,"column":12},"end":{"line":47,"column":null}},"25":{"start":{"line":44,"column":16},"end":{"line":44,"column":null}},"26":{"start":{"line":46,"column":16},"end":{"line":46,"column":null}},"27":{"start":{"line":49,"column":12},"end":{"line":49,"column":null}},"28":{"start":{"line":52,"column":8},"end":{"line":52,"column":null}},"29":{"start":{"line":53,"column":8},"end":{"line":53,"column":null}},"30":{"start":{"line":56,"column":21},"end":{"line":61,"column":null}},"31":{"start":{"line":57,"column":8},"end":{"line":57,"column":null}},"32":{"start":{"line":58,"column":8},"end":{"line":58,"column":null}},"33":{"start":{"line":59,"column":8},"end":{"line":59,"column":null}},"34":{"start":{"line":60,"column":8},"end":{"line":60,"column":null}},"35":{"start":{"line":60,"column":25},"end":{"line":60,"column":45}},"36":{"start":{"line":64,"column":4},"end":{"line":66,"column":null}},"37":{"start":{"line":65,"column":8},"end":{"line":65,"column":null}},"38":{"start":{"line":68,"column":4},"end":{"line":74,"column":null}},"39":{"start":{"line":69,"column":8},"end":{"line":72,"column":null}},"40":{"start":{"line":76,"column":4},"end":{"line":119,"column":null}},"41":{"start":{"line":79,"column":16},"end":{"line":99,"column":null}},"42":{"start":{"line":87,"column":47},"end":{"line":87,"column":null}},"43":{"start":{"line":106,"column":32},"end":{"line":106,"column":null}},"44":{"start":{"line":117,"column":31},"end":{"line":117,"column":null}}},"fnMap":{"0":{"name":"TaskList","decl":{"start":{"line":8,"column":9},"end":{"line":8,"column":20}},"loc":{"start":{"line":8,"column":20},"end":{"line":121,"column":null}},"line":8},"1":{"name":"(anonymous_1)","decl":{"start":{"line":16,"column":14},"end":{"line":16,"column":20}},"loc":{"start":{"line":16,"column":20},"end":{"line":18,"column":7}},"line":16},"2":{"name":"(anonymous_2)","decl":{"start":{"line":20,"column":14},"end":{"line":20,"column":20}},"loc":{"start":{"line":20,"column":20},"end":{"line":30,"column":7}},"line":20},"3":{"name":"(anonymous_3)","decl":{"start":{"line":21,"column":30},"end":{"line":21,"column":36}},"loc":{"start":{"line":21,"column":36},"end":{"line":21,"column":null}},"line":21},"4":{"name":"(anonymous_4)","decl":{"start":{"line":26,"column":15},"end":{"line":26,"column":21}},"loc":{"start":{"line":26,"column":21},"end":{"line":29,"column":null}},"line":26},"5":{"name":"(anonymous_5)","decl":{"start":{"line":32,"column":24},"end":{"line":32,"column":25}},"loc":{"start":{"line":32,"column":40},"end":{"line":35,"column":null}},"line":32},"6":{"name":"(anonymous_6)","decl":{"start":{"line":37,"column":24},"end":{"line":37,"column":36}},"loc":{"start":{"line":37,"column":36},"end":{"line":54,"column":null}},"line":37},"7":{"name":"(anonymous_7)","decl":{"start":{"line":56,"column":21},"end":{"line":56,"column":22}},"loc":{"start":{"line":56,"column":69},"end":{"line":61,"column":null}},"line":56},"8":{"name":"(anonymous_8)","decl":{"start":{"line":60,"column":19},"end":{"line":60,"column":25}},"loc":{"start":{"line":60,"column":25},"end":{"line":60,"column":45}},"line":60},"9":{"name":"(anonymous_9)","decl":{"start":{"line":78,"column":23},"end":{"line":78,"column":24}},"loc":{"start":{"line":79,"column":16},"end":{"line":99,"column":null}},"line":79},"10":{"name":"(anonymous_10)","decl":{"start":{"line":87,"column":41},"end":{"line":87,"column":47}},"loc":{"start":{"line":87,"column":47},"end":{"line":87,"column":null}},"line":87},"11":{"name":"(anonymous_11)","decl":{"start":{"line":106,"column":26},"end":{"line":106,"column":32}},"loc":{"start":{"line":106,"column":32},"end":{"line":106,"column":null}},"line":106},"12":{"name":"(anonymous_12)","decl":{"start":{"line":117,"column":25},"end":{"line":117,"column":31}},"loc":{"start":{"line":117,"column":31},"end":{"line":117,"column":null}},"line":117}},"branchMap":{"0":{"loc":{"start":{"line":38,"column":8},"end":{"line":38,"column":null}},"type":"if","locations":[{"start":{"line":38,"column":8},"end":{"line":38,"column":null}},{"start":{},"end":{}}],"line":38},"1":{"loc":{"start":{"line":43,"column":12},"end":{"line":47,"column":null}},"type":"if","locations":[{"start":{"line":43,"column":12},"end":{"line":47,"column":null}},{"start":{"line":45,"column":19},"end":{"line":47,"column":null}}],"line":43},"2":{"loc":{"start":{"line":44,"column":36},"end":{"line":44,"column":81}},"type":"binary-expr","locations":[{"start":{"line":44,"column":36},"end":{"line":44,"column":51}},{"start":{"line":44,"column":51},"end":{"line":44,"column":81}}],"line":44},"3":{"loc":{"start":{"line":46,"column":34},"end":{"line":46,"column":67}},"type":"binary-expr","locations":[{"start":{"line":46,"column":34},"end":{"line":46,"column":50}},{"start":{"line":46,"column":50},"end":{"line":46,"column":67}}],"line":46},"4":{"loc":{"start":{"line":49,"column":30},"end":{"line":49,"column":71}},"type":"binary-expr","locations":[{"start":{"line":49,"column":30},"end":{"line":49,"column":47}},{"start":{"line":49,"column":47},"end":{"line":49,"column":71}}],"line":49},"5":{"loc":{"start":{"line":64,"column":4},"end":{"line":66,"column":null}},"type":"if","locations":[{"start":{"line":64,"column":4},"end":{"line":66,"column":null}},{"start":{},"end":{}}],"line":64},"6":{"loc":{"start":{"line":68,"column":4},"end":{"line":74,"column":null}},"type":"if","locations":[{"start":{"line":68,"column":4},"end":{"line":74,"column":null}},{"start":{},"end":{}}],"line":68},"7":{"loc":{"start":{"line":68,"column":8},"end":{"line":68,"column":46}},"type":"binary-expr","locations":[{"start":{"line":68,"column":8},"end":{"line":68,"column":30}},{"start":{"line":68,"column":30},"end":{"line":68,"column":46}}],"line":68},"8":{"loc":{"start":{"line":83,"column":50},"end":{"line":83,"column":96}},"type":"binary-expr","locations":[{"start":{"line":83,"column":50},"end":{"line":83,"column":70}},{"start":{"line":83,"column":70},"end":{"line":83,"column":96}}],"line":83},"9":{"loc":{"start":{"line":89,"column":43},"end":{"line":89,"column":null}},"type":"cond-expr","locations":[{"start":{"line":89,"column":62},"end":{"line":89,"column":74}},{"start":{"line":89,"column":74},"end":{"line":89,"column":null}}],"line":89},"10":{"loc":{"start":{"line":91,"column":33},"end":{"line":95,"column":null}},"type":"cond-expr","locations":[{"start":{"line":92,"column":36},"end":{"line":94,"column":null}},{"start":{"line":95,"column":36},"end":{"line":95,"column":null}}],"line":91}},"s":{"0":23,"1":23,"2":23,"3":23,"4":23,"5":23,"6":23,"7":12,"8":23,"9":12,"10":0,"11":12,"12":12,"13":12,"14":12,"15":12,"16":23,"17":6,"18":6,"19":23,"20":4,"21":0,"22":4,"23":4,"24":3,"25":3,"26":0,"27":1,"28":4,"29":4,"30":23,"31":4,"32":4,"33":4,"34":4,"35":0,"36":23,"37":1,"38":22,"39":1,"40":21,"41":42,"42":6,"43":1,"44":0},"f":{"0":23,"1":12,"2":12,"3":0,"4":12,"5":6,"6":4,"7":4,"8":0,"9":42,"10":6,"11":1,"12":0},"b":{"0":[0,4],"1":[3,0],"2":[3,0],"3":[0,0],"4":[1,0],"5":[1,22],"6":[1,21],"7":[22,1],"8":[42,21],"9":[2,40],"10":[2,40]},"meta":{"lastBranch":11,"lastFunction":13,"lastStatement":45,"seen":{"f:8:9:8:20":0,"s:9:52:9:Infinity":0,"s:10:38:10:Infinity":1,"s:11:44:11:Infinity":2,"s:12:32:12:Infinity":3,"s:13:32:13:Infinity":4,"s:14:38:14:Infinity":5,"s:16:4:18:Infinity":6,"f:16:14:16:20":1,"s:17:8:17:Infinity":7,"s:20:4:30:Infinity":8,"f:20:14:20:20":2,"s:21:30:21:Infinity":9,"f:21:30:21:36":3,"s:21:36:21:Infinity":10,"s:23:8:23:Infinity":11,"s:24:8:24:Infinity":12,"s:26:8:29:Infinity":13,"f:26:15:26:21":4,"s:27:12:27:Infinity":14,"s:28:12:28:Infinity":15,"s:32:24:35:Infinity":16,"f:32:24:32:25":5,"s:33:8:33:Infinity":17,"s:34:8:34:Infinity":18,"s:37:24:54:Infinity":19,"f:37:24:37:36":6,"b:38:8:38:Infinity:undefined:undefined:undefined:undefined":0,"s:38:8:38:Infinity":20,"s:38:36:38:Infinity":21,"s:40:8:50:Infinity":22,"s:41:24:41:Infinity":23,"b:43:12:47:Infinity:45:19:47:Infinity":1,"s:43:12:47:Infinity":24,"s:44:16:44:Infinity":25,"b:44:36:44:51:44:51:44:81":2,"s:46:16:46:Infinity":26,"b:46:34:46:50:46:50:46:67":3,"s:49:12:49:Infinity":27,"b:49:30:49:47:49:47:49:71":4,"s:52:8:52:Infinity":28,"s:53:8:53:Infinity":29,"s:56:21:61:Infinity":30,"f:56:21:56:22":7,"s:57:8:57:Infinity":31,"s:58:8:58:Infinity":32,"s:59:8:59:Infinity":33,"s:60:8:60:Infinity":34,"f:60:19:60:25":8,"s:60:25:60:45":35,"b:64:4:66:Infinity:undefined:undefined:undefined:undefined":5,"s:64:4:66:Infinity":36,"s:65:8:65:Infinity":37,"b:68:4:74:Infinity:undefined:undefined:undefined:undefined":6,"s:68:4:74:Infinity":38,"b:68:8:68:30:68:30:68:46":7,"s:69:8:72:Infinity":39,"s:76:4:119:Infinity":40,"f:78:23:78:24":9,"s:79:16:99:Infinity":41,"b:83:50:83:70:83:70:83:96":8,"f:87:41:87:47":10,"s:87:47:87:Infinity":42,"b:89:62:89:74:89:74:89:Infinity":9,"b:92:36:94:Infinity:95:36:95:Infinity":10,"f:106:26:106:32":11,"s:106:32:106:Infinity":43,"f:117:25:117:31":12,"s:117:31:117:Infinity":44}}}
,"/usr/src/app/src/test/mocks/handlers.tsx": {"path":"/usr/src/app/src/test/mocks/handlers.tsx","statementMap":{"0":{"start":{"line":3,"column":24},"end":{"line":3,"column":null}}},"fnMap":{},"branchMap":{},"s":{"0":3},"f":{},"b":{},"meta":{"lastBranch":0,"lastFunction":0,"lastStatement":1,"seen":{"s:3:24:3:Infinity":0}}}
,"/usr/src/app/src/test/mocks/server.tsx": {"path":"/usr/src/app/src/test/mocks/server.tsx","statementMap":{"0":{"start":{"line":4,"column":13},"end":{"line":4,"column":null}}},"fnMap":{},"branchMap":{},"s":{"0":3},"f":{},"b":{},"meta":{"lastBranch":0,"lastFunction":0,"lastStatement":1,"seen":{"s:4:13:4:Infinity":0}}}
}
