{"/usr/src/app/src/api/config.ts": {"path":"/usr/src/app/src/api/config.ts","statementMap":{"0":{"start":{"line":1,"column":22},"end":{"line":11,"column":null}}},"fnMap":{},"branchMap":{"0":{"loc":{"start":{"line":3,"column":17},"end":{"line":3,"column":null}},"type":"binary-expr","locations":[{"start":{"line":3,"column":17},"end":{"line":3,"column":49}},{"start":{"line":3,"column":49},"end":{"line":3,"column":null}}],"line":3}},"s":{"0":1},"f":{},"b":{"0":[1,1]},"meta":{"lastBranch":1,"lastFunction":0,"lastStatement":1,"seen":{"s:1:22:11:Infinity":0,"b:3:17:3:49:3:49:3:Infinity":0}}}
,"/usr/src/app/src/api/services/TaskApiService.ts": {"path":"/usr/src/app/src/api/services/TaskApiService.ts","statementMap":{"0":{"start":{"line":10,"column":8},"end":{"line":10,"column":null}},"1":{"start":{"line":14,"column":25},"end":{"line":14,"column":null}},"2":{"start":{"line":15,"column":8},"end":{"line":15,"column":null}},"3":{"start":{"line":19,"column":25},"end":{"line":19,"column":null}},"4":{"start":{"line":20,"column":8},"end":{"line":20,"column":null}},"5":{"start":{"line":24,"column":25},"end":{"line":24,"column":null}},"6":{"start":{"line":25,"column":8},"end":{"line":25,"column":null}}},"fnMap":{"0":{"name":"(anonymous_0)","decl":{"start":{"line":9,"column":4},"end":{"line":9,"column":16}},"loc":{"start":{"line":9,"column":34},"end":{"line":11,"column":null}},"line":9},"1":{"name":"(anonymous_1)","decl":{"start":{"line":13,"column":10},"end":{"line":13,"column":38}},"loc":{"start":{"line":13,"column":38},"end":{"line":16,"column":null}},"line":13},"2":{"name":"(anonymous_2)","decl":{"start":{"line":18,"column":10},"end":{"line":18,"column":21}},"loc":{"start":{"line":18,"column":61},"end":{"line":21,"column":null}},"line":18},"3":{"name":"(anonymous_3)","decl":{"start":{"line":23,"column":10},"end":{"line":23,"column":23}},"loc":{"start":{"line":23,"column":49},"end":{"line":26,"column":null}},"line":23}},"branchMap":{"0":{"loc":{"start":{"line":10,"column":23},"end":{"line":10,"column":null}},"type":"binary-expr","locations":[{"start":{"line":10,"column":23},"end":{"line":10,"column":34}},{"start":{"line":10,"column":34},"end":{"line":10,"column":null}}],"line":10}},"s":{"0":4,"1":2,"2":1,"3":1,"4":1,"5":1,"6":1},"f":{"0":4,"1":2,"2":1,"3":1},"b":{"0":[4,0]},"meta":{"lastBranch":1,"lastFunction":4,"lastStatement":7,"seen":{"f:9:4:9:16":0,"s:10:8:10:Infinity":0,"b:10:23:10:34:10:34:10:Infinity":0,"f:13:10:13:38":1,"s:14:25:14:Infinity":1,"s:15:8:15:Infinity":2,"f:18:10:18:21":2,"s:19:25:19:Infinity":3,"s:20:8:20:Infinity":4,"f:23:10:23:23":3,"s:24:25:24:Infinity":5,"s:25:8:25:Infinity":6}}}
,"/usr/src/app/src/assets/no_tasks.svg": {"path":"/usr/src/app/src/assets/no_tasks.svg","statementMap":{},"fnMap":{},"branchMap":{},"s":{},"f":{},"b":{},"meta":{"lastBranch":0,"lastFunction":0,"lastStatement":0,"seen":{}}}
,"/usr/src/app/src/components/Task/TaskForm/TaskForm.css": {"path":"/usr/src/app/src/components/Task/TaskForm/TaskForm.css","statementMap":{},"fnMap":{},"branchMap":{},"s":{},"f":{},"b":{},"meta":{"lastBranch":0,"lastFunction":0,"lastStatement":0,"seen":{}}}
,"/usr/src/app/src/components/Task/TaskForm/TaskForm.skeleton.tsx": {"path":"/usr/src/app/src/components/Task/TaskForm/TaskForm.skeleton.tsx","statementMap":{"0":{"start":{"line":4,"column":4},"end":{"line":11,"column":null}}},"fnMap":{"0":{"name":"TaskFormSkeleton","decl":{"start":{"line":3,"column":16},"end":{"line":3,"column":35}},"loc":{"start":{"line":3,"column":35},"end":{"line":13,"column":null}},"line":3}},"branchMap":{},"s":{"0":1},"f":{"0":1},"b":{},"meta":{"lastBranch":0,"lastFunction":1,"lastStatement":1,"seen":{"f:3:16:3:35":0,"s:4:4:11:Infinity":0}}}
,"/usr/src/app/src/components/Task/TaskForm/TaskForm.tsx": {"path":"/usr/src/app/src/components/Task/TaskForm/TaskForm.tsx","statementMap":{"0":{"start":{"line":7,"column":26},"end":{"line":7,"column":null}},"1":{"start":{"line":8,"column":38},"end":{"line":8,"column":null}},"2":{"start":{"line":9,"column":47},"end":{"line":9,"column":null}},"3":{"start":{"line":11,"column":23},"end":{"line":27,"column":null}},"4":{"start":{"line":12,"column":8},"end":{"line":12,"column":null}},"5":{"start":{"line":13,"column":8},"end":{"line":16,"column":null}},"6":{"start":{"line":14,"column":12},"end":{"line":14,"column":null}},"7":{"start":{"line":15,"column":12},"end":{"line":15,"column":null}},"8":{"start":{"line":18,"column":8},"end":{"line":26,"column":null}},"9":{"start":{"line":19,"column":12},"end":{"line":19,"column":null}},"10":{"start":{"line":20,"column":12},"end":{"line":20,"column":null}},"11":{"start":{"line":21,"column":12},"end":{"line":21,"column":null}},"12":{"start":{"line":23,"column":12},"end":{"line":23,"column":null}},"13":{"start":{"line":25,"column":12},"end":{"line":25,"column":null}},"14":{"start":{"line":30,"column":4},"end":{"line":32,"column":null}},"15":{"start":{"line":31,"column":8},"end":{"line":31,"column":null}},"16":{"start":{"line":34,"column":4},"end":{"line":68,"column":null}},"17":{"start":{"line":40,"column":33},"end":{"line":40,"column":null}},"18":{"start":{"line":49,"column":33},"end":{"line":49,"column":null}}},"fnMap":{"0":{"name":"TaskForm","decl":{"start":{"line":6,"column":24},"end":{"line":6,"column":35}},"loc":{"start":{"line":6,"column":35},"end":{"line":70,"column":null}},"line":6},"1":{"name":"(anonymous_1)","decl":{"start":{"line":11,"column":23},"end":{"line":11,"column":30}},"loc":{"start":{"line":11,"column":47},"end":{"line":27,"column":null}},"line":11},"2":{"name":"(anonymous_2)","decl":{"start":{"line":40,"column":26},"end":{"line":40,"column":27}},"loc":{"start":{"line":40,"column":33},"end":{"line":40,"column":null}},"line":40},"3":{"name":"(anonymous_3)","decl":{"start":{"line":49,"column":26},"end":{"line":49,"column":27}},"loc":{"start":{"line":49,"column":33},"end":{"line":49,"column":null}},"line":49}},"branchMap":{"0":{"loc":{"start":{"line":13,"column":8},"end":{"line":16,"column":null}},"type":"if","locations":[{"start":{"line":13,"column":8},"end":{"line":16,"column":null}},{"start":{},"end":{}}],"line":13},"1":{"loc":{"start":{"line":30,"column":4},"end":{"line":32,"column":null}},"type":"if","locations":[{"start":{"line":30,"column":4},"end":{"line":32,"column":null}},{"start":{},"end":{}}],"line":30},"2":{"loc":{"start":{"line":43,"column":27},"end":{"line":43,"column":null}},"type":"cond-expr","locations":[{"start":{"line":43,"column":35},"end":{"line":43,"column":45}},{"start":{"line":43,"column":45},"end":{"line":43,"column":null}}],"line":43},"3":{"loc":{"start":{"line":54,"column":13},"end":{"line":54,"column":null}},"type":"binary-expr","locations":[{"start":{"line":54,"column":13},"end":{"line":54,"column":22}},{"start":{"line":54,"column":22},"end":{"line":54,"column":null}}],"line":54},"4":{"loc":{"start":{"line":58,"column":26},"end":{"line":58,"column":null}},"type":"binary-expr","locations":[{"start":{"line":58,"column":26},"end":{"line":58,"column":44}},{"start":{"line":58,"column":44},"end":{"line":58,"column":null}}],"line":58},"5":{"loc":{"start":{"line":59,"column":27},"end":{"line":59,"column":null}},"type":"cond-expr","locations":[{"start":{"line":59,"column":44},"end":{"line":59,"column":56}},{"start":{"line":59,"column":56},"end":{"line":59,"column":null}}],"line":59},"6":{"loc":{"start":{"line":60,"column":28},"end":{"line":60,"column":null}},"type":"cond-expr","locations":[{"start":{"line":60,"column":45},"end":{"line":60,"column":64}},{"start":{"line":60,"column":64},"end":{"line":60,"column":null}}],"line":60},"7":{"loc":{"start":{"line":62,"column":17},"end":{"line":66,"column":null}},"type":"cond-expr","locations":[{"start":{"line":63,"column":20},"end":{"line":65,"column":null}},{"start":{"line":66,"column":20},"end":{"line":66,"column":null}}],"line":62}},"s":{"0":52,"1":52,"2":52,"3":52,"4":3,"5":3,"6":0,"7":0,"8":3,"9":3,"10":3,"11":3,"12":3,"13":0,"14":52,"15":1,"16":51,"17":27,"18":16},"f":{"0":52,"1":3,"2":27,"3":16},"b":{"0":[0,3],"1":[1,51],"2":[1,50],"3":[52,1],"4":[52,51],"5":[0,51],"6":[0,51],"7":[0,51]},"meta":{"lastBranch":8,"lastFunction":4,"lastStatement":19,"seen":{"f:6:24:6:35":0,"s:7:26:7:Infinity":0,"s:8:38:8:Infinity":1,"s:9:47:9:Infinity":2,"s:11:23:27:Infinity":3,"f:11:23:11:30":1,"s:12:8:12:Infinity":4,"b:13:8:16:Infinity:undefined:undefined:undefined:undefined":0,"s:13:8:16:Infinity":5,"s:14:12:14:Infinity":6,"s:15:12:15:Infinity":7,"s:18:8:26:Infinity":8,"s:19:12:19:Infinity":9,"s:20:12:20:Infinity":10,"s:21:12:21:Infinity":11,"s:23:12:23:Infinity":12,"s:25:12:25:Infinity":13,"b:30:4:32:Infinity:undefined:undefined:undefined:undefined":1,"s:30:4:32:Infinity":14,"s:31:8:31:Infinity":15,"s:34:4:68:Infinity":16,"f:40:26:40:27":2,"s:40:33:40:Infinity":17,"b:43:35:43:45:43:45:43:Infinity":2,"f:49:26:49:27":3,"s:49:33:49:Infinity":18,"b:54:13:54:22:54:22:54:Infinity":3,"b:58:26:58:44:58:44:58:Infinity":4,"b:59:44:59:56:59:56:59:Infinity":5,"b:60:45:60:64:60:64:60:Infinity":6,"b:63:20:65:Infinity:66:20:66:Infinity":7}}}
,"/usr/src/app/src/components/Task/TaskList/TaskList.css": {"path":"/usr/src/app/src/components/Task/TaskList/TaskList.css","statementMap":{},"fnMap":{},"branchMap":{},"s":{},"f":{},"b":{},"meta":{"lastBranch":0,"lastFunction":0,"lastStatement":0,"seen":{}}}
,"/usr/src/app/src/components/Task/TaskList/TaskList.tsx": {"path":"/usr/src/app/src/components/Task/TaskList/TaskList.tsx","statementMap":{"0":{"start":{"line":10,"column":52},"end":{"line":10,"column":null}},"1":{"start":{"line":11,"column":38},"end":{"line":11,"column":null}},"2":{"start":{"line":12,"column":44},"end":{"line":12,"column":null}},"3":{"start":{"line":13,"column":32},"end":{"line":13,"column":null}},"4":{"start":{"line":14,"column":32},"end":{"line":14,"column":null}},"5":{"start":{"line":15,"column":38},"end":{"line":15,"column":null}},"6":{"start":{"line":17,"column":4},"end":{"line":19,"column":null}},"7":{"start":{"line":18,"column":8},"end":{"line":18,"column":null}},"8":{"start":{"line":21,"column":4},"end":{"line":31,"column":null}},"9":{"start":{"line":22,"column":30},"end":{"line":22,"column":null}},"10":{"start":{"line":22,"column":36},"end":{"line":22,"column":null}},"11":{"start":{"line":24,"column":8},"end":{"line":24,"column":null}},"12":{"start":{"line":25,"column":8},"end":{"line":25,"column":null}},"13":{"start":{"line":27,"column":8},"end":{"line":30,"column":null}},"14":{"start":{"line":28,"column":12},"end":{"line":28,"column":null}},"15":{"start":{"line":29,"column":12},"end":{"line":29,"column":null}},"16":{"start":{"line":33,"column":24},"end":{"line":36,"column":null}},"17":{"start":{"line":34,"column":8},"end":{"line":34,"column":null}},"18":{"start":{"line":35,"column":8},"end":{"line":35,"column":null}},"19":{"start":{"line":38,"column":24},"end":{"line":55,"column":null}},"20":{"start":{"line":39,"column":8},"end":{"line":39,"column":null}},"21":{"start":{"line":39,"column":36},"end":{"line":39,"column":null}},"22":{"start":{"line":41,"column":8},"end":{"line":51,"column":null}},"23":{"start":{"line":42,"column":24},"end":{"line":42,"column":null}},"24":{"start":{"line":44,"column":12},"end":{"line":48,"column":null}},"25":{"start":{"line":45,"column":16},"end":{"line":45,"column":null}},"26":{"start":{"line":47,"column":16},"end":{"line":47,"column":null}},"27":{"start":{"line":50,"column":12},"end":{"line":50,"column":null}},"28":{"start":{"line":53,"column":8},"end":{"line":53,"column":null}},"29":{"start":{"line":54,"column":8},"end":{"line":54,"column":null}},"30":{"start":{"line":57,"column":21},"end":{"line":62,"column":null}},"31":{"start":{"line":58,"column":8},"end":{"line":58,"column":null}},"32":{"start":{"line":59,"column":8},"end":{"line":59,"column":null}},"33":{"start":{"line":60,"column":8},"end":{"line":60,"column":null}},"34":{"start":{"line":61,"column":8},"end":{"line":61,"column":null}},"35":{"start":{"line":61,"column":25},"end":{"line":61,"column":45}},"36":{"start":{"line":64,"column":4},"end":{"line":66,"column":null}},"37":{"start":{"line":65,"column":8},"end":{"line":65,"column":null}},"38":{"start":{"line":68,"column":4},"end":{"line":79,"column":null}},"39":{"start":{"line":69,"column":8},"end":{"line":77,"column":null}},"40":{"start":{"line":81,"column":4},"end":{"line":124,"column":null}},"41":{"start":{"line":84,"column":16},"end":{"line":104,"column":null}},"42":{"start":{"line":92,"column":47},"end":{"line":92,"column":null}},"43":{"start":{"line":111,"column":32},"end":{"line":111,"column":null}},"44":{"start":{"line":122,"column":31},"end":{"line":122,"column":null}}},"fnMap":{"0":{"name":"TaskList","decl":{"start":{"line":9,"column":9},"end":{"line":9,"column":20}},"loc":{"start":{"line":9,"column":20},"end":{"line":126,"column":null}},"line":9},"1":{"name":"(anonymous_1)","decl":{"start":{"line":17,"column":14},"end":{"line":17,"column":20}},"loc":{"start":{"line":17,"column":20},"end":{"line":19,"column":7}},"line":17},"2":{"name":"(anonymous_2)","decl":{"start":{"line":21,"column":14},"end":{"line":21,"column":20}},"loc":{"start":{"line":21,"column":20},"end":{"line":31,"column":7}},"line":21},"3":{"name":"(anonymous_3)","decl":{"start":{"line":22,"column":30},"end":{"line":22,"column":36}},"loc":{"start":{"line":22,"column":36},"end":{"line":22,"column":null}},"line":22},"4":{"name":"(anonymous_4)","decl":{"start":{"line":27,"column":15},"end":{"line":27,"column":21}},"loc":{"start":{"line":27,"column":21},"end":{"line":30,"column":null}},"line":27},"5":{"name":"(anonymous_5)","decl":{"start":{"line":33,"column":24},"end":{"line":33,"column":25}},"loc":{"start":{"line":33,"column":40},"end":{"line":36,"column":null}},"line":33},"6":{"name":"(anonymous_6)","decl":{"start":{"line":38,"column":24},"end":{"line":38,"column":36}},"loc":{"start":{"line":38,"column":36},"end":{"line":55,"column":null}},"line":38},"7":{"name":"(anonymous_7)","decl":{"start":{"line":57,"column":21},"end":{"line":57,"column":22}},"loc":{"start":{"line":57,"column":69},"end":{"line":62,"column":null}},"line":57},"8":{"name":"(anonymous_8)","decl":{"start":{"line":61,"column":19},"end":{"line":61,"column":25}},"loc":{"start":{"line":61,"column":25},"end":{"line":61,"column":45}},"line":61},"9":{"name":"(anonymous_9)","decl":{"start":{"line":83,"column":23},"end":{"line":83,"column":24}},"loc":{"start":{"line":84,"column":16},"end":{"line":104,"column":null}},"line":84},"10":{"name":"(anonymous_10)","decl":{"start":{"line":92,"column":41},"end":{"line":92,"column":47}},"loc":{"start":{"line":92,"column":47},"end":{"line":92,"column":null}},"line":92},"11":{"name":"(anonymous_11)","decl":{"start":{"line":111,"column":26},"end":{"line":111,"column":32}},"loc":{"start":{"line":111,"column":32},"end":{"line":111,"column":null}},"line":111},"12":{"name":"(anonymous_12)","decl":{"start":{"line":122,"column":25},"end":{"line":122,"column":31}},"loc":{"start":{"line":122,"column":31},"end":{"line":122,"column":null}},"line":122}},"branchMap":{"0":{"loc":{"start":{"line":39,"column":8},"end":{"line":39,"column":null}},"type":"if","locations":[{"start":{"line":39,"column":8},"end":{"line":39,"column":null}},{"start":{},"end":{}}],"line":39},"1":{"loc":{"start":{"line":44,"column":12},"end":{"line":48,"column":null}},"type":"if","locations":[{"start":{"line":44,"column":12},"end":{"line":48,"column":null}},{"start":{"line":46,"column":19},"end":{"line":48,"column":null}}],"line":44},"2":{"loc":{"start":{"line":45,"column":36},"end":{"line":45,"column":81}},"type":"binary-expr","locations":[{"start":{"line":45,"column":36},"end":{"line":45,"column":51}},{"start":{"line":45,"column":51},"end":{"line":45,"column":81}}],"line":45},"3":{"loc":{"start":{"line":47,"column":34},"end":{"line":47,"column":67}},"type":"binary-expr","locations":[{"start":{"line":47,"column":34},"end":{"line":47,"column":50}},{"start":{"line":47,"column":50},"end":{"line":47,"column":67}}],"line":47},"4":{"loc":{"start":{"line":50,"column":30},"end":{"line":50,"column":71}},"type":"binary-expr","locations":[{"start":{"line":50,"column":30},"end":{"line":50,"column":47}},{"start":{"line":50,"column":47},"end":{"line":50,"column":71}}],"line":50},"5":{"loc":{"start":{"line":64,"column":4},"end":{"line":66,"column":null}},"type":"if","locations":[{"start":{"line":64,"column":4},"end":{"line":66,"column":null}},{"start":{},"end":{}}],"line":64},"6":{"loc":{"start":{"line":68,"column":4},"end":{"line":79,"column":null}},"type":"if","locations":[{"start":{"line":68,"column":4},"end":{"line":79,"column":null}},{"start":{},"end":{}}],"line":68},"7":{"loc":{"start":{"line":68,"column":8},"end":{"line":68,"column":46}},"type":"binary-expr","locations":[{"start":{"line":68,"column":8},"end":{"line":68,"column":30}},{"start":{"line":68,"column":30},"end":{"line":68,"column":46}}],"line":68},"8":{"loc":{"start":{"line":88,"column":50},"end":{"line":88,"column":96}},"type":"binary-expr","locations":[{"start":{"line":88,"column":50},"end":{"line":88,"column":70}},{"start":{"line":88,"column":70},"end":{"line":88,"column":96}}],"line":88},"9":{"loc":{"start":{"line":94,"column":43},"end":{"line":94,"column":null}},"type":"cond-expr","locations":[{"start":{"line":94,"column":62},"end":{"line":94,"column":74}},{"start":{"line":94,"column":74},"end":{"line":94,"column":null}}],"line":94},"10":{"loc":{"start":{"line":96,"column":33},"end":{"line":100,"column":null}},"type":"cond-expr","locations":[{"start":{"line":97,"column":36},"end":{"line":99,"column":null}},{"start":{"line":100,"column":36},"end":{"line":100,"column":null}}],"line":96}},"s":{"0":23,"1":23,"2":23,"3":23,"4":23,"5":23,"6":23,"7":12,"8":23,"9":12,"10":0,"11":12,"12":12,"13":12,"14":12,"15":12,"16":23,"17":6,"18":6,"19":23,"20":4,"21":0,"22":4,"23":4,"24":3,"25":3,"26":0,"27":1,"28":4,"29":4,"30":23,"31":4,"32":4,"33":4,"34":4,"35":0,"36":23,"37":1,"38":22,"39":1,"40":21,"41":42,"42":6,"43":1,"44":0},"f":{"0":23,"1":12,"2":12,"3":0,"4":12,"5":6,"6":4,"7":4,"8":0,"9":42,"10":6,"11":1,"12":0},"b":{"0":[0,4],"1":[3,0],"2":[3,0],"3":[0,0],"4":[1,0],"5":[1,22],"6":[1,21],"7":[22,1],"8":[42,21],"9":[2,40],"10":[2,40]},"meta":{"lastBranch":11,"lastFunction":13,"lastStatement":45,"seen":{"f:9:9:9:20":0,"s:10:52:10:Infinity":0,"s:11:38:11:Infinity":1,"s:12:44:12:Infinity":2,"s:13:32:13:Infinity":3,"s:14:32:14:Infinity":4,"s:15:38:15:Infinity":5,"s:17:4:19:Infinity":6,"f:17:14:17:20":1,"s:18:8:18:Infinity":7,"s:21:4:31:Infinity":8,"f:21:14:21:20":2,"s:22:30:22:Infinity":9,"f:22:30:22:36":3,"s:22:36:22:Infinity":10,"s:24:8:24:Infinity":11,"s:25:8:25:Infinity":12,"s:27:8:30:Infinity":13,"f:27:15:27:21":4,"s:28:12:28:Infinity":14,"s:29:12:29:Infinity":15,"s:33:24:36:Infinity":16,"f:33:24:33:25":5,"s:34:8:34:Infinity":17,"s:35:8:35:Infinity":18,"s:38:24:55:Infinity":19,"f:38:24:38:36":6,"b:39:8:39:Infinity:undefined:undefined:undefined:undefined":0,"s:39:8:39:Infinity":20,"s:39:36:39:Infinity":21,"s:41:8:51:Infinity":22,"s:42:24:42:Infinity":23,"b:44:12:48:Infinity:46:19:48:Infinity":1,"s:44:12:48:Infinity":24,"s:45:16:45:Infinity":25,"b:45:36:45:51:45:51:45:81":2,"s:47:16:47:Infinity":26,"b:47:34:47:50:47:50:47:67":3,"s:50:12:50:Infinity":27,"b:50:30:50:47:50:47:50:71":4,"s:53:8:53:Infinity":28,"s:54:8:54:Infinity":29,"s:57:21:62:Infinity":30,"f:57:21:57:22":7,"s:58:8:58:Infinity":31,"s:59:8:59:Infinity":32,"s:60:8:60:Infinity":33,"s:61:8:61:Infinity":34,"f:61:19:61:25":8,"s:61:25:61:45":35,"b:64:4:66:Infinity:undefined:undefined:undefined:undefined":5,"s:64:4:66:Infinity":36,"s:65:8:65:Infinity":37,"b:68:4:79:Infinity:undefined:undefined:undefined:undefined":6,"s:68:4:79:Infinity":38,"b:68:8:68:30:68:30:68:46":7,"s:69:8:77:Infinity":39,"s:81:4:124:Infinity":40,"f:83:23:83:24":9,"s:84:16:104:Infinity":41,"b:88:50:88:70:88:70:88:96":8,"f:92:41:92:47":10,"s:92:47:92:Infinity":42,"b:94:62:94:74:94:74:94:Infinity":9,"b:97:36:99:Infinity:100:36:100:Infinity":10,"f:111:26:111:32":11,"s:111:32:111:Infinity":43,"f:122:25:122:31":12,"s:122:31:122:Infinity":44}}}
,"/usr/src/app/src/test/mocks/handlers.tsx": {"path":"/usr/src/app/src/test/mocks/handlers.tsx","statementMap":{"0":{"start":{"line":3,"column":24},"end":{"line":3,"column":null}}},"fnMap":{},"branchMap":{},"s":{"0":3},"f":{},"b":{},"meta":{"lastBranch":0,"lastFunction":0,"lastStatement":1,"seen":{"s:3:24:3:Infinity":0}}}
,"/usr/src/app/src/test/mocks/server.tsx": {"path":"/usr/src/app/src/test/mocks/server.tsx","statementMap":{"0":{"start":{"line":4,"column":13},"end":{"line":4,"column":null}}},"fnMap":{},"branchMap":{},"s":{"0":3},"f":{},"b":{},"meta":{"lastBranch":0,"lastFunction":0,"lastStatement":1,"seen":{"s:4:13:4:Infinity":0}}}
}
